<?xml version="1.0" encoding="UTF-8"?>
<!-- Generated by org.testng.reporters.JUnitReportReporter -->
<testsuite hostname="Anirudh" name="SignUpTest.TestCase" tests="2" failures="0" timestamp="23 May 2015 02:55:34 GMT" time="43.474" errors="0">
  <testcase name="successfulSignUpTest" time="15.305" classname="SignUpTest.TestCase"/>
  <testcase name="yahooSignUpTest" time="28.169" classname="SignUpTest.TestCase"/>
</testsuite> <!-- SignUpTest.TestCase -->
